<?xml version="1.0" encoding="UTF-8"?>
<!-- Generated by org.testng.reporters.JUnitXMLReporter -->
<testsuite ignored="0" hostname="Prisha" failures="1" tests="2" name="Error Validation Test" time="26.13" errors="0" timestamp="2022-12-28T03:49:20 IST">
  <testcase classname="SeleniumPractice.SeleniumFrameworkDesign.ErrorValidationTest" name="ProductErrorValidation" time="2.449"/>
  <testcase classname="SeleniumPractice.SeleniumFrameworkDesign.ErrorValidationTest" name="Submitorder" time="0.533">
    <failure type="java.lang.AssertionError" message="expected [LandingPage.getErrorMessage()] but found [Incorrect email or password.]">
      <![CDATA[java.lang.AssertionError: expected [LandingPage.getErrorMessage()] but found [Incorrect email or password.]
at SeleniumPractice.SeleniumFrameworkDesign.ErrorValidationTest.Submitorder(ErrorValidationTest.java:51)
at java.base/java.util.ArrayList.forEach(ArrayList.java:1511)
at java.base/java.util.concurrent.FutureTask.run(FutureTask.java:264)
at java.base/java.util.concurrent.ThreadPoolExecutor.runWorker(ThreadPoolExecutor.java:1136)
at java.base/java.util.concurrent.ThreadPoolExecutor$Worker.run(ThreadPoolExecutor.java:635)
at java.base/java.lang.Thread.run(Thread.java:833)
... Removed 21 stack frames]]>
    </failure>
  </testcase> <!-- Submitorder -->
</testsuite> <!-- Error Validation Test -->
