<?xml version="1.0" encoding="UTF-8"?>
<!-- Generated by org.testng.reporters.JUnitXMLReporter -->
<testsuite ignored="0" hostname="Prisha" failures="1" tests="2" name="Purchase Order Test" time="0.051" errors="0" timestamp="2022-12-28T03:48:54 IST">
  <testcase classname="SeleniumPractice.SeleniumFrameworkDesign.PurchaseOrderTest" name="Submitorder" time="0.0">
    <failure type="java.lang.RuntimeException" message="java.io.FileNotFoundException: null\src\test\java\SeleniumFrameworkDesignData\PurchaseOrder.json (The system cannot find the path specified)">
      <![CDATA[java.lang.RuntimeException: java.io.FileNotFoundException: null\src\test\java\SeleniumFrameworkDesignData\PurchaseOrder.json (The system cannot find the path specified)
at java.base/java.util.ArrayList.forEach(ArrayList.java:1511)
at java.base/java.util.concurrent.FutureTask.run(FutureTask.java:264)
at java.base/java.util.concurrent.ThreadPoolExecutor.runWorker(ThreadPoolExecutor.java:1136)
at java.base/java.util.concurrent.ThreadPoolExecutor$Worker.run(ThreadPoolExecutor.java:635)
at java.base/java.lang.Thread.run(Thread.java:833)
Caused by: java.io.FileNotFoundException: null\src\test\java\SeleniumFrameworkDesignData\PurchaseOrder.json (The system cannot find the path specified)
at java.base/java.io.FileInputStream.open0(Native Method)
at java.base/java.io.FileInputStream.open(FileInputStream.java:216)
at java.base/java.io.FileInputStream.<init>(FileInputStream.java:157)
at org.apache.commons.io.FileUtils.openInputStream(FileUtils.java:2388)
at org.apache.commons.io.FileUtils.readFileToString(FileUtils.java:2506)
at TestBaseComponents.TestBase.getJsondataToMap(TestBase.java:63)
at SeleniumPractice.SeleniumFrameworkDesign.PurchaseOrderTest.getData(PurchaseOrderTest.java:83)
... 19 more
... Removed 20 stack frames]]>
    </failure>
  </testcase> <!-- Submitorder -->
  <testcase classname="SeleniumPractice.SeleniumFrameworkDesign.PurchaseOrderTest" name="OrderHistoryTest" time="0.0">
    <skipped/>
  </testcase> <!-- OrderHistoryTest -->
</testsuite> <!-- Purchase Order Test -->
