<!DOCTYPE html PUBLIC "-//W3C//DTD XHTML 1.1//EN" "https://www.w3.org/TR/xhtml11/DTD/xhtml11.dtd">
<html xmlns="https://www.w3.org/1999/xhtml">
<head>
<meta http-equiv="content-type" content="text/html; charset=UTF-8"/>
<title>TestNG Report</title>
<style type="text/css">table {margin-bottom:10px;border-collapse:collapse;empty-cells:show}th,td {border:1px solid #009;padding:.25em .5em}th {vertical-align:bottom}td {vertical-align:top}table a {font-weight:bold}.stripe td {background-color: #E6EBF9}.num {text-align:right}.passedodd td {background-color: #3F3}.passedeven td {background-color: #0A0}.skippedodd td {background-color: #DDD}.skippedeven td {background-color: #CCC}.failedodd td,.attn {background-color: #F33}.failedeven td,.stripe .attn {background-color: #D00}.stacktrace {white-space:pre;font-family:monospace}.totop {font-size:85%;text-align:center;border-bottom:2px solid #000}.invisible {display:none}</style>
</head>
<body>
<table>
<tr><th>Test</th><th># Passed</th><th># Skipped</th><th># Retried</th><th># Failed</th><th>Time (ms)</th><th>Included Groups</th><th>Excluded Groups</th></tr>
<tr><th colspan="8">Suite</th></tr>
<tr><td><a href="#t0">Purchase Order Test</a></td><td class="num">0</td><td class="num attn">1</td><td class="num">0</td><td class="num attn">1</td><td class="num">51</td><td></td><td></td></tr>
<tr class="stripe"><td><a href="#t1">Error Validation Test</a></td><td class="num">1</td><td class="num">0</td><td class="num">0</td><td class="num attn">1</td><td class="num">26,130</td><td></td><td></td></tr>
<tr><th>Total</th><th class="num">1</th><th class="num attn">1</th><th class="num">0</th><th class="num attn">2</th><th class="num">26,181</th><th colspan="2"></th></tr>
</table>
<table id='summary'><thead><tr><th>Class</th><th>Method</th><th>Start</th><th>Time (ms)</th></tr></thead><tbody><tr><th colspan="4">Suite</th></tr></tbody><tbody id="t0"><tr><th colspan="4">Purchase Order Test &#8212; failed</th></tr><tr class="failedeven"><td rowspan="1">SeleniumPractice.SeleniumFrameworkDesign.PurchaseOrderTest</td><td><a href="#m0">Submitorder</a></td><td rowspan="1">1672179534234</td><td rowspan="1">0</td></tr><tr><th colspan="4">Purchase Order Test &#8212; skipped</th></tr><tr class="skippedeven"><td rowspan="1">SeleniumPractice.SeleniumFrameworkDesign.PurchaseOrderTest</td><td><a href="#m1">OrderHistoryTest</a></td><td rowspan="1">1672179534249</td><td rowspan="1">0</td></tr></tbody>
<tbody id="t1"><tr><th colspan="4">Error Validation Test &#8212; failed</th></tr><tr class="failedeven"><td rowspan="1">SeleniumPractice.SeleniumFrameworkDesign.ErrorValidationTest</td><td><a href="#m2">Submitorder</a></td><td rowspan="1">1672179543526</td><td rowspan="1">533</td></tr><tr><th colspan="4">Error Validation Test &#8212; passed</th></tr><tr class="passedeven"><td rowspan="1">SeleniumPractice.SeleniumFrameworkDesign.ErrorValidationTest</td><td><a href="#m3">ProductErrorValidation</a></td><td rowspan="1">1672179538034</td><td rowspan="1">2449</td></tr></tbody>
</table>
<h2>Purchase Order Test</h2><h3 id="m0">SeleniumPractice.SeleniumFrameworkDesign.PurchaseOrderTest#Submitorder</h3><table class="result"><tr><th>Exception</th></tr><tr><td><div class="stacktrace">java.lang.RuntimeException: java.io.FileNotFoundException: null\src\test\java\SeleniumFrameworkDesignData\PurchaseOrder.json (The system cannot find the path specified)
	at java.base/java.util.ArrayList.forEach(ArrayList.java:1511)
	at java.base/java.util.concurrent.FutureTask.run(FutureTask.java:264)
	at java.base/java.util.concurrent.ThreadPoolExecutor.runWorker(ThreadPoolExecutor.java:1136)
	at java.base/java.util.concurrent.ThreadPoolExecutor$Worker.run(ThreadPoolExecutor.java:635)
	at java.base/java.lang.Thread.run(Thread.java:833)
Caused by: java.io.FileNotFoundException: null\src\test\java\SeleniumFrameworkDesignData\PurchaseOrder.json (The system cannot find the path specified)
	at java.base/java.io.FileInputStream.open0(Native Method)
	at java.base/java.io.FileInputStream.open(FileInputStream.java:216)
	at java.base/java.io.FileInputStream.&lt;init&gt;(FileInputStream.java:157)
	at org.apache.commons.io.FileUtils.openInputStream(FileUtils.java:2388)
	at org.apache.commons.io.FileUtils.readFileToString(FileUtils.java:2506)
	at TestBaseComponents.TestBase.getJsondataToMap(TestBase.java:63)
	at SeleniumPractice.SeleniumFrameworkDesign.PurchaseOrderTest.getData(PurchaseOrderTest.java:83)
	... 19 more
... Removed 20 stack frames</div></td></tr></table><p class="totop"><a href="#summary">back to summary</a></p>
<h3 id="m1">SeleniumPractice.SeleniumFrameworkDesign.PurchaseOrderTest#OrderHistoryTest</h3><table class="result"><tr><th>Exception</th></tr><tr><td><div class="stacktrace">java.lang.Throwable: Method SeleniumPractice.SeleniumFrameworkDesign.PurchaseOrderTest.OrderHistoryTest() on instance SeleniumPractice.SeleniumFrameworkDesign.PurchaseOrderTest@59662a0b depends on not successfully finished methods 
[SeleniumPractice.SeleniumFrameworkDesign.PurchaseOrderTest.Submitorder() on instance SeleniumPractice.SeleniumFrameworkDesign.PurchaseOrderTest@59662a0b]
	at java.base/java.util.ArrayList.forEach(ArrayList.java:1511)
	at java.base/java.util.concurrent.FutureTask.run(FutureTask.java:264)
	at java.base/java.util.concurrent.ThreadPoolExecutor.runWorker(ThreadPoolExecutor.java:1136)
	at java.base/java.util.concurrent.ThreadPoolExecutor$Worker.run(ThreadPoolExecutor.java:635)
	at java.base/java.lang.Thread.run(Thread.java:833)
... Removed 8 stack frames</div></td></tr></table><p class="totop"><a href="#summary">back to summary</a></p>
<h2>Error Validation Test</h2><h3 id="m2">SeleniumPractice.SeleniumFrameworkDesign.ErrorValidationTest#Submitorder</h3><table class="result"><tr><th>Exception</th></tr><tr><td><div class="stacktrace">java.lang.AssertionError: expected [LandingPage.getErrorMessage()] but found [Incorrect email or password.]
	at SeleniumPractice.SeleniumFrameworkDesign.ErrorValidationTest.Submitorder(ErrorValidationTest.java:51)
	at java.base/java.util.ArrayList.forEach(ArrayList.java:1511)
	at java.base/java.util.concurrent.FutureTask.run(FutureTask.java:264)
	at java.base/java.util.concurrent.ThreadPoolExecutor.runWorker(ThreadPoolExecutor.java:1136)
	at java.base/java.util.concurrent.ThreadPoolExecutor$Worker.run(ThreadPoolExecutor.java:635)
	at java.base/java.lang.Thread.run(Thread.java:833)
... Removed 21 stack frames</div></td></tr></table><p class="totop"><a href="#summary">back to summary</a></p>
<h3 id="m3">SeleniumPractice.SeleniumFrameworkDesign.ErrorValidationTest#ProductErrorValidation</h3><table class="result"><tr><th class="invisible"/></tr></table><p class="totop"><a href="#summary">back to summary</a></p>
</body>
</html>
